info it worked if it ends with ok
verbose cli [ 'node', '/usr/bin/npm', 'install' ]
info using npm@1.1.4
info using node@v0.6.12
verbose config file /home/petec/.npmrc
verbose config file /usr/etc/npmrc
verbose config file /usr/share/npm/npmrc
verbose caching /home/petec/bridge/package.json
verbose loadDefaults bridge@0.0.0
verbose readDependencies: using package.json deps
verbose where, deps [ '/home/petec/bridge',
verbose where, deps   [ 'baconjs',
verbose where, deps     'socket.io',
verbose where, deps     'socket.io-client',
verbose where, deps     'restler',
verbose where, deps     'q',
verbose where, deps     'cookie',
verbose where, deps     'getenv',
verbose where, deps     'winston' ] ]
verbose from cache /home/petec/bridge/package.json
info preinstall bridge@0.0.0
verbose from cache /home/petec/bridge/package.json
verbose readDependencies: using package.json deps
verbose cache add [ 'baconjs@~0.6.21', null ]
silly cache add: name, spec, args [ undefined, 'baconjs@~0.6.21', [ 'baconjs@~0.6.21', null ] ]
verbose parsed url { pathname: 'baconjs@~0.6.21',
verbose parsed url   path: 'baconjs@~0.6.21',
verbose parsed url   href: 'baconjs@~0.6.21' }
silly cache add: name, spec, args [ 'baconjs', '~0.6.21', [ 'baconjs', '~0.6.21' ] ]
verbose parsed url { pathname: '~0.6.21', path: '~0.6.21', href: '~0.6.21' }
verbose addNamed [ 'baconjs', '~0.6.21' ]
verbose addNamed [ null, '>=0.6.21- <0.7.0-' ]
silly name, range, hasData [ 'baconjs', '>=0.6.21- <0.7.0-', false ]
verbose cache add [ 'socket.io@~0.9.16', null ]
silly cache add: name, spec, args [ undefined, 'socket.io@~0.9.16', [ 'socket.io@~0.9.16', null ] ]
verbose parsed url { pathname: 'socket.io@~0.9.16',
verbose parsed url   path: 'socket.io@~0.9.16',
verbose parsed url   href: 'socket.io@~0.9.16' }
silly cache add: name, spec, args [ 'socket.io', '~0.9.16', [ 'socket.io', '~0.9.16' ] ]
verbose parsed url { pathname: '~0.9.16', path: '~0.9.16', href: '~0.9.16' }
verbose addNamed [ 'socket.io', '~0.9.16' ]
verbose addNamed [ null, '>=0.9.16- <0.10.0-' ]
silly name, range, hasData [ 'socket.io', '>=0.9.16- <0.10.0-', false ]
verbose cache add [ 'socket.io-client@~0.9.16', null ]
silly cache add: name, spec, args [ undefined,
silly cache add: name, spec, args   'socket.io-client@~0.9.16',
silly cache add: name, spec, args   [ 'socket.io-client@~0.9.16', null ] ]
verbose parsed url { pathname: 'socket.io-client@~0.9.16',
verbose parsed url   path: 'socket.io-client@~0.9.16',
verbose parsed url   href: 'socket.io-client@~0.9.16' }
silly cache add: name, spec, args [ 'socket.io-client',
silly cache add: name, spec, args   '~0.9.16',
silly cache add: name, spec, args   [ 'socket.io-client', '~0.9.16' ] ]
verbose parsed url { pathname: '~0.9.16', path: '~0.9.16', href: '~0.9.16' }
verbose addNamed [ 'socket.io-client', '~0.9.16' ]
verbose addNamed [ null, '>=0.9.16- <0.10.0-' ]
silly name, range, hasData [ 'socket.io-client', '>=0.9.16- <0.10.0-', false ]
verbose cache add [ 'restler@~2.0.1', null ]
silly cache add: name, spec, args [ undefined, 'restler@~2.0.1', [ 'restler@~2.0.1', null ] ]
verbose parsed url { pathname: 'restler@~2.0.1',
verbose parsed url   path: 'restler@~2.0.1',
verbose parsed url   href: 'restler@~2.0.1' }
silly cache add: name, spec, args [ 'restler', '~2.0.1', [ 'restler', '~2.0.1' ] ]
verbose parsed url { pathname: '~2.0.1', path: '~2.0.1', href: '~2.0.1' }
verbose addNamed [ 'restler', '~2.0.1' ]
verbose addNamed [ null, '>=2.0.1- <2.1.0-' ]
silly name, range, hasData [ 'restler', '>=2.0.1- <2.1.0-', false ]
verbose cache add [ 'q@~0.9.7', null ]
silly cache add: name, spec, args [ undefined, 'q@~0.9.7', [ 'q@~0.9.7', null ] ]
verbose parsed url { pathname: 'q@~0.9.7', path: 'q@~0.9.7', href: 'q@~0.9.7' }
silly cache add: name, spec, args [ 'q', '~0.9.7', [ 'q', '~0.9.7' ] ]
verbose parsed url { pathname: '~0.9.7', path: '~0.9.7', href: '~0.9.7' }
verbose addNamed [ 'q', '~0.9.7' ]
verbose addNamed [ null, '>=0.9.7- <0.10.0-' ]
silly name, range, hasData [ 'q', '>=0.9.7- <0.10.0-', false ]
verbose cache add [ 'cookie@~0.1.0', null ]
silly cache add: name, spec, args [ undefined, 'cookie@~0.1.0', [ 'cookie@~0.1.0', null ] ]
verbose parsed url { pathname: 'cookie@~0.1.0',
verbose parsed url   path: 'cookie@~0.1.0',
verbose parsed url   href: 'cookie@~0.1.0' }
silly cache add: name, spec, args [ 'cookie', '~0.1.0', [ 'cookie', '~0.1.0' ] ]
verbose parsed url { pathname: '~0.1.0', path: '~0.1.0', href: '~0.1.0' }
verbose addNamed [ 'cookie', '~0.1.0' ]
verbose addNamed [ null, '>=0.1.0- <0.2.0-' ]
silly name, range, hasData [ 'cookie', '>=0.1.0- <0.2.0-', false ]
verbose cache add [ 'getenv@~0.3.0', null ]
silly cache add: name, spec, args [ undefined, 'getenv@~0.3.0', [ 'getenv@~0.3.0', null ] ]
verbose parsed url { pathname: 'getenv@~0.3.0',
verbose parsed url   path: 'getenv@~0.3.0',
verbose parsed url   href: 'getenv@~0.3.0' }
silly cache add: name, spec, args [ 'getenv', '~0.3.0', [ 'getenv', '~0.3.0' ] ]
verbose parsed url { pathname: '~0.3.0', path: '~0.3.0', href: '~0.3.0' }
verbose addNamed [ 'getenv', '~0.3.0' ]
verbose addNamed [ null, '>=0.3.0- <0.4.0-' ]
silly name, range, hasData [ 'getenv', '>=0.3.0- <0.4.0-', false ]
verbose cache add [ 'winston@~0.7.2', null ]
silly cache add: name, spec, args [ undefined, 'winston@~0.7.2', [ 'winston@~0.7.2', null ] ]
verbose parsed url { pathname: 'winston@~0.7.2',
verbose parsed url   path: 'winston@~0.7.2',
verbose parsed url   href: 'winston@~0.7.2' }
silly cache add: name, spec, args [ 'winston', '~0.7.2', [ 'winston', '~0.7.2' ] ]
verbose parsed url { pathname: '~0.7.2', path: '~0.7.2', href: '~0.7.2' }
verbose addNamed [ 'winston', '~0.7.2' ]
verbose addNamed [ null, '>=0.7.2- <0.8.0-' ]
silly name, range, hasData [ 'winston', '>=0.7.2- <0.8.0-', false ]
verbose raw, before any munging baconjs
verbose url resolving [ 'https://registry.npmjs.org/', './baconjs' ]
verbose url resolved https://registry.npmjs.org/baconjs
http GET https://registry.npmjs.org/baconjs
verbose raw, before any munging socket.io
verbose url resolving [ 'https://registry.npmjs.org/', './socket.io' ]
verbose url resolved https://registry.npmjs.org/socket.io
http GET https://registry.npmjs.org/socket.io
verbose raw, before any munging socket.io-client
verbose url resolving [ 'https://registry.npmjs.org/', './socket.io-client' ]
verbose url resolved https://registry.npmjs.org/socket.io-client
http GET https://registry.npmjs.org/socket.io-client
verbose raw, before any munging restler
verbose url resolving [ 'https://registry.npmjs.org/', './restler' ]
verbose url resolved https://registry.npmjs.org/restler
http GET https://registry.npmjs.org/restler
verbose raw, before any munging q
verbose url resolving [ 'https://registry.npmjs.org/', './q' ]
verbose url resolved https://registry.npmjs.org/q
http GET https://registry.npmjs.org/q
verbose raw, before any munging cookie
verbose url resolving [ 'https://registry.npmjs.org/', './cookie' ]
verbose url resolved https://registry.npmjs.org/cookie
http GET https://registry.npmjs.org/cookie
verbose raw, before any munging getenv
verbose url resolving [ 'https://registry.npmjs.org/', './getenv' ]
verbose url resolved https://registry.npmjs.org/getenv
http GET https://registry.npmjs.org/getenv
verbose raw, before any munging winston
verbose url resolving [ 'https://registry.npmjs.org/', './winston' ]
verbose url resolved https://registry.npmjs.org/winston
http GET https://registry.npmjs.org/winston
ERR! Error: failed to fetch from registry: socket.io
ERR!     at /usr/share/npm/lib/utils/npm-registry-client/get.js:139:12
ERR!     at cb (/usr/share/npm/lib/utils/npm-registry-client/request.js:31:9)
ERR!     at Request._callback (/usr/share/npm/lib/utils/npm-registry-client/request.js:136:18)
ERR!     at Request.callback (/usr/lib/nodejs/request/main.js:119:22)
ERR!     at Request.<anonymous> (/usr/lib/nodejs/request/main.js:212:58)
ERR!     at Request.emit (events.js:88:20)
ERR!     at ClientRequest.<anonymous> (/usr/lib/nodejs/request/main.js:412:12)
ERR!     at ClientRequest.emit (events.js:67:17)
ERR!     at HTTPParser.onIncoming (http.js:1261:11)
ERR!     at HTTPParser.onHeadersComplete (http.js:102:31)
ERR! You may report this log at:
ERR!     <http://bugs.debian.org/npm>
ERR! or use
ERR!     reportbug --attach /home/petec/bridge/npm-debug.log npm
ERR! 
ERR! System Linux 3.8.0-29-generic
ERR! command "node" "/usr/bin/npm" "install"
ERR! cwd /home/petec/bridge
ERR! node -v v0.6.12
ERR! npm -v 1.1.4
ERR! message failed to fetch from registry: socket.io
verbose exit [ 1, true ]
